dataDir = /home/tnf2/nfdata/
Processing orders on Fri Aug 16 00:00:57 UTC 2002
parse /home/tnf2/nfdata/EmailConfig.gml
REC>Received: from bastion.mics.org.uk (bastion.mics.org.uk [::ffff:192.168.1.2])
REC>  by speaker.mics.org.uk with esmtp; Fri, 16 Aug 2002 00:00:57 +0000
REC>Received: from localhost (localhost)
REC>	by bastion.mics.org.uk (8.11.3/8.10.2/SuSE Linux 8.10.0-0.3) id g7G00ut24105;
REC>	Fri, 16 Aug 2002 00:00:56 GMT
REC>Date: Fri, 16 Aug 2002 00:00:56 GMT
REC>From: Mail Delivery Subsystem <sendmail@bastion.mics.org.uk>
REC>Message-Id: <200208160000.g7G00ut24105@bastion.mics.org.uk>
REC>To: tnf2@mics.org.uk
REC>Mime-Version: 1.0
REC>Content-Type: multipart/report; report-type=delivery-status; boundary="=_speaker-6179-1029456057-0001-2"
REC>Subject: Returned mail: see transcript for details
REC>Auto-Submitted: auto-generated (failure)
REC>
REC>This is a MIME-formatted message.  If you see this text it means that your
REC>E-mail software does not support MIME-formatted messages.
REC>
REC>--=_speaker-6179-1029456057-0001-2
REC>Content-Type: text/plain; charset=iso-8859-1
REC>Content-Transfer-Encoding: 7bit
REC>
REC>The original message was received at Fri, 16 Aug 2002 00:00:51 GMT
REC>from uucp@localhost
REC>
REC>   ----- The following addresses had permanent fatal errors -----
REC><throwgrenades@youmom.com>
REC>    (reason: 550 5.7.1 <throwgrenades@youmom.com>... we do not relay <tnf2@mics.org.uk>)
REC>
REC>   ----- Transcript of session follows -----
REC>... while talking to mail.geektech.com.:
REC>>>> RCPT To:<throwgrenades@youmom.com>
REC><<< 550 5.7.1 <throwgrenades@youmom.com>... we do not relay <tnf2@mics.org.uk>
REC>550 5.1.1 <throwgrenades@youmom.com>... User unknown
REC>
REC>--=_speaker-6179-1029456057-0001-2
REC>Content-Type: message/delivery-status
REC>Content-Transfer-Encoding: 7bit
REC>
REC>Reporting-MTA: dns; bastion.mics.org.uk
REC>Arrival-Date: Fri, 16 Aug 2002 00:00:51 GMT
REC>
REC>Final-Recipient: RFC822; throwgrenades@youmom.com
REC>Action: failed
REC>Status: 5.7.1
REC>Remote-MTA: DNS; mail.geektech.com
REC>Diagnostic-Code: SMTP; 550 5.7.1 <throwgrenades@youmom.com>... we do not relay <tnf2@mics.org.uk>
REC>Last-Attempt-Date: Fri, 16 Aug 2002 00:00:56 GMT
REC>
REC>--=_speaker-6179-1029456057-0001-2
REC>Content-Type: message/rfc822
REC>
REC>Return-Path: <tnf2@mics.org.uk>
REC>Received: (from uucp@localhost)
REC>	by bastion.mics.org.uk (8.11.3/8.10.2/SuSE Linux 8.10.0-0.3) id g7G00pu24084
REC>	for <throwgrenades@youmom.com>; Fri, 16 Aug 2002 00:00:51 GMT
REC>Received: from speaker.mics.org.uk(192.168.1.3)
REC> via SMTP by mics.org.uk, id smtpdoIv8Kk; Fri Aug 16 00:00:50 2002
REC>Received: from localhost (localhost [127.0.0.1])
REC>  (uid 502)
REC>  by speaker.mics.org.uk with local; Fri, 16 Aug 2002 00:00:49 +0000
REC>Sender: flandar@yahoo.com
REC>Reply-To: tnf2@mics.org.uk
REC>From: "New Frontiers Mail" <tnf2@mics.org.uk>
MyError:  Email loop found
REC>To: throwgrenades@youmom.com
REC>Subject: TNF2 Turn Report for AlphaSimplex 
REC>Mime-Version: 1.0
REC>Content-Type: text/plain; charset=iso-8859-1
REC>Content-Transfer-Encoding: 7bit
REC>Message-ID: <courier.3D5C40B1.000017EA@speaker.mics.org.uk>
REC>Date: Fri, 16 Aug 2002 00:00:49 +0000
REC>
REC>Mail Orders to tnf2@mics.org.uk
REC>To report Bugs or non-orders mail to flandar@yahoo.com
REC>New Frontiers Version 1.0.2
REC>-----------------------
REC>-------------------Notices-------------------------
REC>Turn reports are run Monday, Wednesday and Friday at 0000 GMT.
REC>Each turn is 7 days of game time.
REC>
REC>REWARD:200K for first construction on each planet beyond Earth and Luna.
REC>REWARD:1000K and one planet naming rights for first construction in new solarsystem.
REC>
REC>
REC>-------------Status Report------------
REC>TNF2 Turn report
REC>Date: 2101.08.03.00:03
REC>Corporation: AlphaSimplex
REC>Ticker: SPX
REC>Owner: Evan Rinehart
REC>email: throwgrenades@youmom.com
REC>password: hidden
REC>Headquarters: 01.03.S2.02.17.F32
REC>
REC>--------Financial Statement--------
REC>Cash: $299,576.88
REC>Taxes due: $8,717.31
REC>Loan balance: $0.0
REC>  Credit Limit: $1,395,885.41
REC>Assets: $2,800,488.14
REC>Net worth: $3,091,347.70
REC>Profit: $1.56
REC>
REC>---------Financial Settings------------
REC>MaxContract 200000.0
REC>Set/Max MegaWatts Fee (KEEP/$0.0) 
REC>Set/Max Hydration Fee (KEEP/$0.0) 
REC>Set/Max Oxygen Fee(KEEP/$0.0) 
REC>Set/Max Food Fee (KEEP/$0.0) 
REC>Set/Max HumanLabor Fee (KEEP/$0.0) 
REC>
REC>------------Corporate Rankings-------------
REC>Tick Cash            Assets          Networth        Profit           R--S--F--PF--SP
REC>FRQ  $1,877,524.65   $28,914,625.67  $17,758,077.34  -$425,614.96    23  4 13  2 2311 N
REC>XFG  $0.0            $11,952,013.81  $10,329,291.94  -$295,807.38     7  5  7  0  393 A
REC>TNT  $105,187.47     $10,090,173.80  $9,868,438.60   -$30,968.66      8  2  5  0  731 N
REC>ASD  $4,962,253.45   $3,168,886.10   $8,131,139.47   -$9,321.60       3  1  3  0  132 A
REC>ANL  $1,500,019.00   $2,067,058.94   $3,567,077.94   $1.60            1  1  1  0    0 N
REC>DXT  $1,500,019.00   $2,067,058.94   $3,567,077.94   $1.60            1  1  1  0    0 N
REC>LAR  $1,500,000.00   $2,067,058.94   $3,567,058.94   $1.60            1  1  1  0    0 N
REC>PPP  $767,796.52     $2,626,904.30   $3,394,700.55   -$123,998.64     1  1  1  2    0 A
REC>SPX  $299,576.88     $2,800,488.14   $3,091,347.70   $1.56            1  1  1  3    6 N
REC>WTR  $119,722.50     $2,904,168.16   $2,658,178.73   -$19,615.19      2  1  1  2    0 N
REC>
REC>--------Corporate Order Result--------
REC>
REC>--------Additional Report------
REC>
REC>Research Contracts Available
REC>---------------------------------
REC>F32:CorporateHQ Contract available for $0.0
REC>F27:CorporateHQ Contract available for $24,000.00
REC>F1:CorporateHQ Contract available for $50,000.00
REC>F13:CorporateHQ Contract available for $43,000.00
REC>F7:CorporateHQ Contract available for $25,000.00
REC>F6:CorporateHQ Contract available for $42,000.00
REC>
REC>--------NFObject Report-------
REC>ID :  Description
REC>
REC>SP12: Stockpile of 6 Petroleum at 01.03.S2.02.17.F32
REC>
REC>PF7: PowerPlantCombustion at 01.03.S2.02.17.F32
REC>PF8: LandingStrip at 01.03.S2.02.17.F32
REC>PF6: Mine at INSIDE.A69
REC>
REC>F32: CorporateHQ at 01.03.S2.02.17 0% damaged Active
REC>
REC>A70:SHIP: Apollo at 01.03.01.S1.09.14 Not running. End (3.6/7.0) Dam 0.0%
REC>
REC>A69:ROBOT: AbleJack at 01.03.01.S1.09.14 Not running. End (5.8/10.0) Dam 0.0%
REC>
REC>---------Active Logging-----------
REC>A70:SHIP: Apollo at 01.03.01.S1.09.14 Not running. End (3.6/7.0) Dam 0.0%
REC>
REC>  1:return:BRIEF
REC>  2:return:MOVE 01.03
REC>  3:return:MOVE 01.03.S2.02.17.F32
REC>  4:return:UNLOAD A69
REC>  5:return:LOG Unloaded ablejack and awaiting his return
REC>  6:return:LOOP:NOOP
REC>  7:return:If $_cargo = - THEN GOTO LOOP
REC>  8:return:MOVE 01.03
REC>  9:return:MOVE 01.03.01
REC>  10:return:MOVE 01.03.01.S1.09.14
REC>  11:return:UNLOAD A69
REC>  12:return:LOG Moon landing successful ablejack dispatched
REC>  
REC>
REC>A69:ROBOT: AbleJack at 01.03.01.S1.09.14 Not running. End (5.8/10.0) Dam 0.0%
REC>
REC>  1:getstuff:BRIEF
REC>  2:getstuff:LOOP:NOOP
REC>  3:getstuff:IF $_location != 01.03.S2.02.17.F32 THEN GOTO LOOP
REC>  4:getstuff:LOAD PF6
REC>  5:getstuff:LOG Loaded the pf6
REC>  6:getstuff:LOAD PF7
REC>  7:getstuff:LOG Loaded the pf7
REC>  8:getstuff:LOAD PF8
REC>  9:getstuff:LOG Loaded the pf8
REC>  10:getstuff:LOAD SP12
REC>  11:getstuff:LOG Loaded 6 petroleum
REC>  12:getstuff:MOVE A70
REC>  13:getstuff:LOG Now in apollo
REC>  
REC>
REC>
REC>--------Market Report All--------
REC>Name                   	Supply 	Price 	Change 
REC>M1 Hydrocarbons             5660     $899.29        +0.0 
REC>M2 Acids                    5513   $1,387.62        +0.0 
REC>M3 Water                    5510   $1,637.92        +0.0 
REC>M4 Fluoride                 5644   $1,824.94        +0.0 
REC>M5 Chloride                 5510   $1,887.47        +0.0 
REC>M6 AluminumOre              5673   $1,946.93        +0.0 
REC>M7 CopperOre                5699   $2,403.92        +0.0 
REC>M8 LeadOre                  5633   $2,582.10        +0.0 
REC>M9 Silicates                5569   $2,873.94        +0.0 
REC>M10 IronOre                 5526   $3,448.24        +0.0 
REC>M11 MagnesiumOre            5698   $3,888.20        +0.0 
REC>M12 SilverOre               5660   $4,247.34        +0.0 
REC>M13 LanthanumOre            5682   $4,919.40        +0.0 
REC>M14 YtterbiumOre            5672   $5,202.74        +0.0 
REC>M15 GoldOre                 5612   $6,094.80        +0.0 
REC>M16 TitaniumOre             8915   $4,064.90     -129.48 
REC>M17 PlatinumOre             5565   $7,734.94        +0.0 
REC>M18 UraniumOre              5628   $8,087.23        +0.0 
REC>M19 GemStones               5738   $5,438.88        +0.0  Produced Carbon, Aluminum
REC>M20 Carbon                  5556   $1,079.91        +0.0  Refined Hydrocarbons
REC>M21 Petroleum               5228   $1,377.19        +0.0  Refined Hydrocarbons
REC>M22 Lubricants              5332   $1,736.20        +0.0  Produced Hydrocarbons
REC>M23 Fabric                  5626   $2,650.85        +0.0  Produced Lubricants, Carbon
REC>M24 RocketFuel              4887   $3,495.87      +45.19  Produced Petroleum
REC>M25 Plastic                 5562   $3,742.20        +0.0  Produced Lubricants
REC>M26 Rubber                  5538   $3,095.20        +0.0  Produced Lubricants
REC>M27 Nitrates                5502   $1,699.38        +0.0  Refined Acids
REC>M28 Phosphates              5536   $1,707.00        +0.0  Refined Acids
REC>M29 Nitroglycerin           5520   $2,975.61        +0.0  Produced Phosphates, Nitrates
REC>M30 Fertilizer              5581   $2,943.90        +0.0  Produced Phosphates, Nitrates
REC>M31 Chlorine                5646   $2,213.95        +0.0  Refined Chloride
REC>M32 Fluorine                5536   $2,239.88        +0.0  Refined Fluoride
REC>M33 Aluminum                5445   $2,424.23        +0.0  Refined AluminumOre
REC>M34 Copper                  5354   $3,025.77        +0.0  Refined CopperOre
REC>M35 Silver                  5440   $5,294.11        +0.0  Refined SilverOre
REC>M36 Gold                    5630   $7,289.51        +0.0  Refined GoldOre
REC>M37 Platinum                5480   $9,416.50        +0.0  Refined PlatinumOre
REC>M38 PreciousMetals          5528  $12,318.34        +0.0  Produced Gold, Silver, Platinum
REC>M39 Silicon                 5540   $3,473.82        +0.0  Refined Silicates
REC>M40 ElectronicParts         5408  $14,143.31        +0.0  Produced Plastic, Carbon, Copper, PreciousMetals, Silicon
REC>M41 Munitions               5577   $5,063.55        +0.0  Produced Nitroglycerin
REC>M42 Halogen                 5424   $4,374.18        +0.0  Produced Chlorine, Fluorine
REC>M43 Lead                    5601   $3,107.47        +0.0  Refined LeadOre
REC>M44 Iron                    5315   $4,289.74        +0.0  Refined IronOre
REC>M45 MechanicalParts         5073   $6,124.57        +0.0  Produced Lubricants, Iron, Copper
REC>M46 Steel                   5430   $4,817.49        +0.0  Produced Carbon, Iron
REC>M47 PicocomputerPart        5610   $5,884.60        +0.0  Produced Silicon
REC>M48 ComputerParts           5449   $6,523.90        +0.0  Produced Silicon
REC>M49 Magnesium               5506   $4,794.76        +0.0  Refined MagnesiumOre
REC>M50 FerroConcrete           5199   $6,006.65        +0.0  Produced Iron, Silicates
REC>M51 Duralloy                5493   $7,309.49        +0.0  Produced Magnesium, Aluminum
REC>M52 Lanthanum               5471   $6,032.71        +0.0  Refined LanthanumOre
REC>M53 Ytterbium               5462   $6,481.13        +0.0  Refined YtterbiumOre
REC>M54 RareEarths              5546  $12,334.82        +0.0  Produced Lanthanum, Ytterbium
REC>M55 EngineParts             5677  $19,497.88        +0.0  Produced RareEarths, Lubricants, HybridMetals
REC>M56 SensorParts             5625  $14,225.54        +0.0  Produced Halogen, PreciousMetals, Copper, Iron
REC>M57 SpareParts              6322  $27,105.43        +0.0  Produced ElectronicParts, MechanicalParts, EngineParts, SensorParts, ComputerParts
REC>M58 Titanium                5575   $7,535.42        +0.0  Refined TitaniumOre
REC>M59 HybridMetals            5619  $15,615.30        +0.0  Produced Steel, Aluminum, Titanium, Copper, Iron, PreciousMetals
REC>M60 Uranium                 5632   $9,694.59        +0.0  Refined UraniumOre
REC>M61 Plutonium               5502  $11,811.63        +0.0  Produced Uranium
REC>M62 Junk                    5679   $3,586.10        +0.0 
REC>M63 AlienLifeForm              0  $27,959.99        +0.0  Produced AminoAcids, Fossils
REC>M64 DarkMatter                 0  $34,520.99        +0.0 
REC>M65 AlienRelics                0  $44,112.00        +0.0  Produced DarkMatter
REC>M66 Fossils                    0  $14,409.00        +0.0 
REC>M67 AminoAcids                 0   $9,047.99        +0.0 
REC>M68 ToxicWaste                 0     $323.99        +0.0 
REC>M69 HumanWaste                 0     $614.99        +0.0 
REC>M70 IndustrialWaste           44   $1,232.99        +0.0 
REC>M73 Tourists                5679     $944.70        +0.0 
REC>M74 Travelers               5700   $2,695.61        +0.0 
REC>
REC>Summary    listed=72  Average price=6763.74
REC>
REC>--------IT Market Report ALL---------
REC>Tech:T1 Wheels type SR (RESEARCHABLE or LEASE for $54,000.00)
REC>  Allows movement over WwP and p
REC>  Min Production_Cost (1xRubber, 1xMechanicalParts)
REC>
REC>Tech:T2 Track type SR (PRIVATE) Prerequisite Wheels
REC>
REC>Tech:T3 HexaPod type R (PRIVATE) Prerequisite Track
REC>
REC>Tech:T4 BiPod type R (PRIVATE) Prerequisite HexaPod
REC>
REC>Tech:T5 HoverFit type SR (RESEARCHABLE)
REC>  Allows movement over WwPpb and B. Requires atmosphere
REC>
REC>Tech:T6 Wings type SR (PRIVATE) Prerequisite HoverFit
REC>
REC>Tech:T7 PropulsionJets type SR (PRIVATE) Prerequisite Wings
REC>
REC>Tech:T8 EVAJets type R (PRIVATE) Prerequisite PropulsionJets
REC>
REC>Tech:T9 BoringDrill type R (PRIVATE) Prerequisite PressureFit
REC>
REC>Tech:T10 Parachute type R (RESEARCHABLE)
REC>  Allows reentry from space.  Uncontrolled without atmosphere.
REC>
REC>Tech:T11 Airbag type R (PRIVATE) Prerequisite Parachute
REC>
REC>Tech:T12 Rocket1G type S (RESEARCHABLE or LEASE for $30,000.00)
REC>  Allows ship to move intraplanetary, launch from surface and reentry.
REC>  Min Production_Cost (5xEngineParts, 2xDuralloy)
REC>
REC>Tech:T13 Rocket2G type S (LEASE for $70,000.00) Prerequisite Rocket1G
REC>  Allows ship to move faster intraplanetary, launch from surface and reentry.
REC>  Min Production_Cost (8xEngineParts, 2xDuralloy)
REC>
REC>Tech:T14 Rocket3G type S (LEASE for $120,000.00) Prerequisite Rocket2G
REC>  Allows ship to move fastest intraplanetary, launch from surface and reentry.
REC>  Min Production_Cost (10xEngineParts, 2xDuralloy)
REC>
REC>Tech:T15 IonDrive type S (PRIVATE) Prerequisite Rocket3G
REC>
REC>Tech:T16 WeatherResistance type FRS (RESEARCHABLE or LEASE for $55,000.00)
REC>  Protection from minor weather damage rated over 1.  Defense level 1.
REC>  Min Production_Cost (2xPlastic)
REC>
REC>Tech:T17 WaterProof type FRS (PRIVATE) Prerequisite WeatherResistance
REC>
REC>Tech:T18 CorrosionProtection type FRS (PRIVATE) Prerequisite WeatherResistance
REC>
REC>Tech:T19 VacuumProtection type F (RESEARCHABLE)
REC>  Protection from 0 atmosphere and deep space. Defense level 4.
REC>
REC>Tech:T20 LowTempProtection type FR (RESEARCHABLE or LEASE for $40,000.00)
REC>  Protection cold damage temp <-80.   Defense level 1.
REC>  Min Production_Cost (1xPlastic, 1xLubricants)
REC>
REC>Tech:T21 ExtremeLowTempProtection type FR (LEASE for $95,000.00) Prerequisite LowTempProtection
REC>  Protection cold damage temp <-200.  Defense level 1.
REC>  Min Production_Cost (4xPlastic, 1xWater, 1xCopper)
REC>
REC>Tech:T22 HighTempProtection type FRS (PRIVATE) Prerequisite LowTempProtection
REC>
REC>Tech:T23 ExtremeTempProtection type FRS (PRIVATE) Prerequisite HighTempProtection
REC>
REC>Tech:T24 EarthquakeProtection type FRS (PRIVATE) Prerequisite Seismometer
REC>
REC>Tech:T25 LowLevelRadHardening type FRS (PRIVATE) Prerequisite Geigercounter
REC>
REC>Tech:T26 StrongRadHarding type FRS (PRIVATE) Prerequisite LowLevelRadHardening
REC>
REC>Tech:T27 PressureFit type F (PRIVATE) Prerequisite EarthquakeProtection
REC>
REC>Tech:T28 ExtremePressureFit type F (PRIVATE) Prerequisite PressureFit
REC>
REC>Tech:T29 OpenHull type SR (RESEARCHABLE)
REC>  Defense level 1
REC>
REC>Tech:T30 BoxHull type SR (PRIVATE) Prerequisite OpenHull
REC>
REC>Tech:T31 CylinderHull type SR (PRIVATE) Prerequisite BoxHull
REC>
REC>Tech:T32 SphericalHull type SR (RESEARCHABLE)
REC>  Defense level 8
REC>
REC>Tech:T33 ArrowHull type S (PRIVATE) Prerequisite SphericalHull
REC>
REC>Tech:T34 WedgeHull type S (PRIVATE) Prerequisite ArrowHull
REC>
REC>Tech:T35 LightWorkArm type SR (RESEARCHABLE or LEASE for $40,000.00)
REC>  Enables robots and ships to load and unload cargo at 1 ton per hour, and attack level 1.
REC>  Min Production_Cost (1xMechanicalParts, 1xElectronicParts)
REC>
REC>Tech:T36 HeavyWorkArm type R (LEASE for $100,000.00) Prerequisite LightWorkArm
REC>  Enable robot to collect, refine, produce, construct, salvage, repair, attack level 2, load and unload at 3 tons per hour
REC>  Min Production_Cost (3xMechanicalParts, 1xElectronicParts)
REC>
REC>Tech:T37 Radar type SR (RESEARCHABLE)
REC>  Enables scanning for robots, ships, stock piles, facilities and prefabs.
REC>
REC>Tech:T38 LowLightVideo type SR (RESEARCHABLE)
REC>  Enables scanning surface including sector scans.
REC>
REC>Tech:T39 ThermalImage type SR (PRIVATE) Prerequisite LowLightVideo
REC>
REC>Tech:T40 Spectroscope type SR (RESEARCHABLE)
REC>  Enables scanning for resources including in sector scan.
REC>
REC>Tech:T41 Seismometer type SR (RESEARCHABLE)
REC>  Enables scanning of tectonics in sector scan only.
REC>
REC>Tech:T42 Geigercounter type SR (RESEARCHABLE)
REC>  Enables scanning of radiation in sector scan only.
REC>
REC>Tech:T43 Meteorology type SR (PRIVATE) Prerequisite ThermalImage
REC>
REC>Tech:T44 Collector type F (RESEARCHABLE or LEASE for $70,000.00)
REC>  Enables units to collection of resources level 1-5 when inside.
REC>  Min Production_Cost (7xFerroconcrete, 2xMechanicalParts, 2xNitroglycerin)
REC>  Consumes (2xMegaWatts)
REC>
REC>Tech:T45 Refine type F (PRIVATE) Prerequisite Collector
REC>
REC>Tech:T46 Production type F (PRIVATE) Prerequisite Refine
REC>
REC>Tech:T47 Repair type RF (RESEARCHABLE or LEASE for $70,000.00)
REC>  Facilities with ability enables units to repair units when inside.  Robots with ability can repair anywhere, but more slowly.
REC>  Min Production_Cost (1xMechanicalParts)
REC>  Consumes (1xMegaWatts)
REC>
REC>Tech:T48 Salvage type RF (PRIVATE) Prerequisite Repair
REC>
REC>Tech:T49 Recycler type F (PRIVATE) Prerequisite Salvage
REC>
REC>Tech:T50 Incinerator type F (PRIVATE) Prerequisite Recycler
REC>
REC>Tech:T51 Distilation type F (PRIVATE) Prerequisite Office
REC>
REC>Tech:T52 Condenser type F (PRIVATE) Prerequisite Office
REC>
REC>Tech:T53 Laser type SR (RESEARCHABLE)
REC>  Attack level 3
REC>
REC>Tech:T54 PlasmaGun type RS (PRIVATE) Prerequisite Laser
REC>
REC>Tech:T55 XrayLaser type RS (PRIVATE) Prerequisite PlasmaGun
REC>
REC>Tech:T56 GammaRayLaser type RS (PRIVATE) Prerequisite XrayLaser
REC>
REC>Tech:T57 Security type RSF (RESEARCHABLE or LEASE for $50,000.00)
REC>  Block entrance and exit to facility and actives by non-corp actives.  Only facilities need MegaWatts.
REC>  Min Production_Cost (1xComputerParts, 1xMechanicalParts)
REC>  Consumes (1xMegaWatts)
REC>
REC>Tech:T58 ConnectorTransport type F (RESEARCHABLE)
REC>  Enables robots and ships to move over any surface regardless of ability.
REC>
REC>Tech:T59 ConnectorTunnel type F (PRIVATE) Prerequisite ConnectorTransport
REC>
REC>Tech:T60 ConnectorSupply type F (PRIVATE) Prerequisite ConnectorTransport
REC>
REC>Tech:T64 PowerCombustion type F (RESEARCHABLE or LEASE for $70,000.00)
REC>  Can recharge robots and power facilities.
REC>  Min Production_Cost (5xFerroconcrete, 2xSteel)
REC>  Provides (10xMegaWatts, 1xIndustrialWaste)
REC>  Consumes (1xPetroleum)
REC>
REC>Tech:T65 PowerSolar type F (PRIVATE) Prerequisite PowerCombustion
REC>
REC>Tech:T69 Research type F (PRIVATE) Prerequisite HumanShelter
REC>
REC>Tech:T70 HumanShelter type F (RESEARCHABLE)
REC>  Source of human labor.
REC>  Provides (2xHumanLabor, 1xHumanWaste)
REC>  Consumes (1xHydration, 1xFood, 1xOxygen)
REC>
REC>Tech:T71 OxygenGenerator type F (PRIVATE) Prerequisite HumanShelter
REC>
REC>Tech:T72 OxygenRebreather type F (PRIVATE) Prerequisite OxygenGenerator
REC>
REC>Tech:T73 HydrationPump type F (PRIVATE) Prerequisite HumanShelter
REC>
REC>Tech:T74 BioFarm type F (PRIVATE) Prerequisite HumanShelter
REC>
REC>Tech:T75 DefenseRocket type F (RESEARCHABLE)
REC>  Defense level 15.
REC>
REC>Tech:T76 DefenseLaser type F (PRIVATE) Prerequisite DefenseRocket
REC>
REC>Tech:T77 LandingZone type F (RESEARCHABLE)
REC>  Safe landings.
REC>  Consumes (1xMegaWatts)
REC>
REC>Tech:T78 BasicRobot type R (PUBLIC)
REC>  TYPE defines robot
REC>  Min Production_Cost (1xDuralloy)
REC>
REC>Tech:T79 BasicShip type S (PUBLIC)
REC>  TYPE defines ship
REC>  Min Production_Cost (2xDuralloy)
REC>
REC>Tech:T80 BasicFacility type F (PUBLIC)
REC>  TYPE defines facility
REC>  Min Production_Cost (4xDuralloy)
REC>
REC>Tech:T87 StarGate type F (LEASE for $200,000.00) Prerequisite Rocket3G
REC>  Entering this facility opens worm hole to new solar system and transports unit there instantly.  This is a one way trip.
REC>  Min Production_Cost (2xDarkMatter, 5xAlienRelics)
REC>
REC>Tech:T88 Crane type SR (PRIVATE) Prerequisite HeavyWorkArm
REC>
REC>Tech:T89 Regenerate type RSF (PRIVATE) Prerequisite Salvage
REC>
REC>Tech:T90 AdvancedComputer type RS (RESEARCHABLE)
REC>  Store 40 lines of programs and upload 2 subroutines.
REC>
REC>Tech:T91 DNAComputer type RS (PRIVATE) Prerequisite AdvancedComputer
REC>
REC>Tech:T92 QuantumComputer type RS (PRIVATE) Prerequisite DNAComputer
REC>
REC>Tech:T93 WareHousing type F (RESEARCHABLE or LEASE for $75,000.00)
REC>  Increase capacity to 1000 tons.
REC>  Min Production_Cost (5xFerroconcrete)
REC>
REC>Tech:T94 Cloak type RSF (PRIVATE) Prerequisite AdvancedComputer
REC>
REC>Tech:T95 Telescope type SR (PRIVATE) Prerequisite LowLightVideo
REC>
REC>Tech:T96 Reinforcements type F (PRIVATE) Prerequisite PressureFit
REC>
REC>Tech:T97 CombatComputer type RS (PRIVATE) Prerequisite Office
REC>
REC>Tech:T98 HydrationRecycler type F (PRIVATE) Prerequisite HydrationPump
REC>
REC>Tech:T99 ThemePark type F (PRIVATE) Prerequisite HumanShelter
REC>
REC>Tech:T100 PowerGeoThermal type F (PRIVATE) Prerequisite PressureFit
REC>
REC>Tech:T101 PowerTidal type F (PRIVATE) Prerequisite WaterProof
REC>
REC>Tech:T102 PowerMagnetic type F (PRIVATE) Prerequisite VacuumProtection
REC>
REC>Tech:T103 PowerNuclear type F (PRIVATE) Prerequisite PowerCombustion, LowLevelRadHardening
REC>
REC>FDesign:FD1 CorporateHQ (PRIVATE) Mass 47
REC>  Functions (BasicFacility, PowerUtility, Office, LandingZone, Security, Research)
REC>
REC>FDesign:FD2 Road (LEASE for $10,000.00) EarthMarketCost $269,651.98 Mass 18
REC>  Functions (BasicFacility, ConnectorTransport)
REC>  Production_Cost (9xDuralloy, 9xFerroconcrete)
REC>
REC>FDesign:FD3 Mine (LEASE for $20,000.00) EarthMarketCost $364,803.36 Mass 27
REC>  Functions (BasicFacility, Collector)
REC>  Production_Cost (9xDuralloy, 11xFerroconcrete, 3xMechanicalParts, 4xNitroglycerin)
REC>  Consumes (2xMegaWatts)
REC>
REC>FDesign:FD4 LandingStrip (LEASE for $20,000.00) EarthMarketCost $385,837.66 Mass 24
REC>  Functions (BasicFacility, LandingZone)
REC>  Production_Cost (9xDuralloy, 8xFerroconcrete, 3xSensorParts, 4xPlastic)
REC>  Consumes (1xMegaWatts)
REC>
REC>FDesign:FD5 Refinery (LEASE for $30,000.00) EarthMarketCost $331,431.95 Mass 22
REC>  Functions (BasicFacility, Refine)
REC>  Production_Cost (11xDuralloy, 4xFerroconcrete, 7xMechanicalParts)
REC>  Consumes (7xMegaWatts)
REC>
REC>FDesign:FD6 PowerPlantCombustion (LEASE for $20,000.00) EarthMarketCost $337,107.98 Mass 24
REC>  Functions (BasicFacility, PowerCombustion)
REC>  Production_Cost (8xDuralloy, 12xFerroconcrete, 4xSteel)
REC>  Provides (10xMegaWatts, 1xIndustrialWaste)
REC>  Consumes (1xPetroleum)
REC>
REC>FDesign:FD7 SolarPowerPlant (LEASE for $30,000.00) EarthMarketCost $474,964.26 Mass 21
REC>  Functions (PowerSolar, BasicFacility)
REC>  Production_Cost (9xElectronicParts, 3xFerroconcrete, 9xDuralloy)
REC>  Provides (2xMegaWatts)
REC>
REC>FDesign:FD9 Factory (LEASE for $40,000.00) EarthMarketCost $397,864.85 Mass 28
REC>  Functions (BasicFacility, Production)
REC>  Production_Cost (6xDuralloy, 7xMechanicalParts, 15xFerroconcrete)
REC>  Consumes (4xMegaWatts)
REC>
REC>FDesign:FD11 MarsMine4000 (PRIVATE) Mass 83
REC>  Functions (WeatherResistance, PowerCombustion, LandingZone, WareHousing, Collector, BasicFacility)
REC>
REC>RobotDesign:AD1 AbleJack (LEASE for $10,000.00) EarthMarketCost $380,930.60
REC>  Specs ( Cargo Capacity 30.0, endurance 10.0 Mass 19)
REC>  Functions (BasicRobot, HeavyWorkArm, Wheels, Radar, LowLightVideo, Spectroscope)
REC>  Production_Cost (2xDuralloy, 8xMechanicalParts, 2xRubber, 6xSensorParts, 1xElectronicParts)
REC>
REC>RobotDesign:AD3 JunkSlave1 (LEASE for $44,000.00) EarthMarketCost $133,616.68
REC>  Specs ( Cargo Capacity 0.0, endurance 12.0 Mass 8)
REC>  Functions (HeavyWorkArm, BasicRobot)
REC>  Production_Cost (5xMechanicalParts, 2xDuralloy, 1xElectronicParts)
REC>
REC>RobotDesign:AD6 FreeGeneral0 (PRIVATE) Mass 14)
REC>  Functions (HeavyWorkArm, Wheels, BasicRobot)
REC>
REC>RobotDesign:AD8 PatchI (LEASE for $150,000.00) EarthMarketCost $323,922.70
REC>  Specs ( Cargo Capacity 26.0, endurance 7.0 Mass 26)
REC>  Functions (Wheels, ExtremeLowTempProtection, HeavyWorkArm, Repair, BasicRobot)
REC>  Production_Cost (12xMechanicalParts, 6xPlastic, 2xWater, 2xCopper, 2xElectronicParts, 1xRubber, 1xDuralloy)
REC>
REC>ShipDesign:AD2 Apollo (LEASE for $20,000.00) EarthMarketCost $1,232,096.25
REC>  Specs ( Cargo Capacity 140.0, endurance 7.0 Mass 40)
REC>  Functions (BasicShip, Rocket1G, LightWorkArm, Radar, LowLightVideo, ThermalImage, Spectroscope)
REC>  Production_Cost (6xDuralloy, 10xEngineParts, 4xMechanicalParts, 3xElectronicParts, 17xSensorParts)
REC>
REC>ShipDesign:AD5 FreeTransport1 (PRIVATE) Mass 44)
REC>  Functions (Crane, Rocket1G, Wheels, BasicShip)
REC>
REC>
REC>
REC>
REC>
REC>
REC>--=_speaker-6179-1029456057-0001-2--
REC>end
MyError: Unable to send message no reply found
Unable to login
ERR>Unable to find @LOGIN or @END
done Fri Aug 16 00:00:58 UTC 2002

Done processing orders on Fri Aug 16 00:00:58 UTC 2002
